This file contains any messages produced by compilers while
running configure, to aid debugging if configure makes a mistake.

It was created by pidgin-embeddedvideo configure 1.2, which was
generated by GNU Autoconf 2.65.  Invocation command line was

  $ ./configure 

## --------- ##
## Platform. ##
## --------- ##

hostname = argalos
uname -m = x86_64
uname -r = 2.6.32-24-generic
uname -s = Linux
uname -v = #38-Ubuntu SMP Mon Jul 5 09:20:59 UTC 2010

/usr/bin/uname -p = unknown
/bin/uname -X     = unknown

/bin/arch              = unknown
/usr/bin/arch -k       = unknown
/usr/convex/getsysinfo = unknown
/usr/bin/hostinfo      = unknown
/bin/machine           = unknown
/usr/bin/oslevel       = unknown
/bin/universe          = unknown

PATH: /usr/local/sbin
PATH: /usr/local/bin
PATH: /usr/sbin
PATH: /usr/bin
PATH: /sbin
PATH: /bin
PATH: /usr/games


## ----------- ##
## Core tests. ##
## ----------- ##

configure:2274: checking build system type
configure:2288: result: x86_64-unknown-linux-gnu
configure:2308: checking host system type
configure:2321: result: x86_64-unknown-linux-gnu
configure:2341: checking target system type
configure:2354: result: x86_64-unknown-linux-gnu
configure:2398: checking for a BSD-compatible install
configure:2466: result: /usr/bin/install -c
configure:2477: checking whether build environment is sane
configure:2527: result: yes
configure:2668: checking for a thread-safe mkdir -p
configure:2707: result: /bin/mkdir -p
configure:2720: checking for gawk
configure:2736: found /usr/bin/gawk
configure:2747: result: gawk
configure:2758: checking whether make sets $(MAKE)
configure:2780: result: yes
configure:2915: checking for gcc
configure:2931: found /usr/bin/gcc
configure:2942: result: gcc
configure:3171: checking for C compiler version
configure:3180: gcc --version >&5
gcc (Ubuntu 4.4.3-4ubuntu5) 4.4.3
Copyright (C) 2009 Free Software Foundation, Inc.
This is free software; see the source for copying conditions.  There is NO
warranty; not even for MERCHANTABILITY or FITNESS FOR A PARTICULAR PURPOSE.

configure:3191: $? = 0
configure:3180: gcc -v >&5
Using built-in specs.
Target: x86_64-linux-gnu
Configured with: ../src/configure -v --with-pkgversion='Ubuntu 4.4.3-4ubuntu5' --with-bugurl=file:///usr/share/doc/gcc-4.4/README.Bugs --enable-languages=c,c++,fortran,objc,obj-c++ --prefix=/usr --enable-shared --enable-multiarch --enable-linker-build-id --with-system-zlib --libexecdir=/usr/lib --without-included-gettext --enable-threads=posix --with-gxx-include-dir=/usr/include/c++/4.4 --program-suffix=-4.4 --enable-nls --enable-clocale=gnu --enable-libstdcxx-debug --enable-plugin --enable-objc-gc --disable-werror --with-arch-32=i486 --with-tune=generic --enable-checking=release --build=x86_64-linux-gnu --host=x86_64-linux-gnu --target=x86_64-linux-gnu
Thread model: posix
gcc version 4.4.3 (Ubuntu 4.4.3-4ubuntu5) 
configure:3191: $? = 0
configure:3180: gcc -V >&5
gcc: '-V' option must have argument
configure:3191: $? = 1
configure:3180: gcc -qversion >&5
gcc: unrecognized option '-qversion'
gcc: no input files
configure:3191: $? = 1
configure:3211: checking whether the C compiler works
configure:3233: gcc    conftest.c  >&5
configure:3237: $? = 0
configure:3286: result: yes
configure:3289: checking for C compiler default output file name
configure:3291: result: a.out
configure:3297: checking for suffix of executables
configure:3304: gcc -o conftest    conftest.c  >&5
configure:3308: $? = 0
configure:3330: result: 
configure:3352: checking whether we are cross compiling
configure:3360: gcc -o conftest    conftest.c  >&5
configure:3364: $? = 0
configure:3371: ./conftest
configure:3375: $? = 0
configure:3390: result: no
configure:3395: checking for suffix of object files
configure:3417: gcc -c   conftest.c >&5
configure:3421: $? = 0
configure:3442: result: o
configure:3446: checking whether we are using the GNU C compiler
configure:3465: gcc -c   conftest.c >&5
configure:3465: $? = 0
configure:3474: result: yes
configure:3483: checking whether gcc accepts -g
configure:3503: gcc -c -g  conftest.c >&5
configure:3503: $? = 0
configure:3544: result: yes
configure:3561: checking for gcc option to accept ISO C89
configure:3625: gcc  -c -g -O2  conftest.c >&5
configure:3625: $? = 0
configure:3638: result: none needed
configure:3669: checking for style of include used by make
configure:3697: result: GNU
configure:3722: checking dependency style of gcc
configure:3832: result: gcc3
configure:3848: checking whether gcc and cc understand -c and -o together
configure:3879: gcc -c conftest.c -o conftest2.o >&5
configure:3883: $? = 0
configure:3889: gcc -c conftest.c -o conftest2.o >&5
configure:3893: $? = 0
configure:3904: cc -c conftest.c >&5
configure:3908: $? = 0
configure:3916: cc -c conftest.c -o conftest2.o >&5
configure:3920: $? = 0
configure:3926: cc -c conftest.c -o conftest2.o >&5
configure:3930: $? = 0
configure:3948: result: yes
configure:4030: checking for a sed that does not truncate output
configure:4094: result: /bin/sed
configure:4112: checking for grep that handles long lines and -e
configure:4170: result: /bin/grep
configure:4175: checking for egrep
configure:4237: result: /bin/grep -E
configure:4242: checking for fgrep
configure:4304: result: /bin/grep -F
configure:4339: checking for ld used by gcc
configure:4406: result: /usr/bin/ld
configure:4413: checking if the linker (/usr/bin/ld) is GNU ld
configure:4428: result: yes
configure:4440: checking for BSD- or MS-compatible name lister (nm)
configure:4489: result: /usr/bin/nm -B
configure:4607: checking the name lister (/usr/bin/nm -B) interface
configure:4614: gcc -c -g -Wall -O2  conftest.c >&5
configure:4617: /usr/bin/nm -B "conftest.o"
configure:4620: output
0000000000000000 B some_variable
configure:4627: result: BSD nm
configure:4630: checking whether ln -s works
configure:4634: result: yes
configure:4642: checking the maximum length of command line arguments
configure:4762: result: 1572864
configure:4779: checking whether the shell understands some XSI constructs
configure:4789: result: yes
configure:4793: checking whether the shell understands "+="
configure:4799: result: yes
configure:4834: checking for /usr/bin/ld option to reload object files
configure:4841: result: -r
configure:4910: checking for objdump
configure:4926: found /usr/bin/objdump
configure:4937: result: objdump
configure:4969: checking how to recognize dependent libraries
configure:5165: result: pass_all
configure:5225: checking for ar
configure:5241: found /usr/bin/ar
configure:5252: result: ar
configure:5330: checking for strip
configure:5346: found /usr/bin/strip
configure:5357: result: strip
configure:5429: checking for ranlib
configure:5445: found /usr/bin/ranlib
configure:5456: result: ranlib
configure:5546: checking command to parse /usr/bin/nm -B output from gcc object
configure:5664: gcc -c -g -Wall -O2  conftest.c >&5
configure:5667: $? = 0
configure:5671: /usr/bin/nm -B conftest.o \| sed -n -e 's/^.*[	 ]\([ABCDGIRSTW][ABCDGIRSTW]*\)[	 ][	 ]*\([_A-Za-z][_A-Za-z0-9]*\)$/\1 \2 \2/p' \> conftest.nm
configure:5674: $? = 0
configure:5728: gcc -o conftest -g -Wall -O2   conftest.c conftstm.o >&5
configure:5731: $? = 0
configure:5769: result: ok
configure:5865: gcc -c -g -Wall -O2  conftest.c >&5
configure:5868: $? = 0
configure:6578: checking how to run the C preprocessor
configure:6609: gcc -E  conftest.c
configure:6609: $? = 0
configure:6623: gcc -E  conftest.c
conftest.c:11:28: error: ac_nonexistent.h: No such file or directory
configure:6623: $? = 1
configure: failed program was:
| /* confdefs.h */
| #define PACKAGE_NAME "pidgin-embeddedvideo"
| #define PACKAGE_TARNAME "pidgin-embeddedvideo"
| #define PACKAGE_VERSION "1.2"
| #define PACKAGE_STRING "pidgin-embeddedvideo 1.2"
| #define PACKAGE_BUGREPORT ""
| #define PACKAGE_URL ""
| #define PACKAGE "pidgin-embeddedvideo"
| #define VERSION "1.2"
| /* end confdefs.h.  */
| #include <ac_nonexistent.h>
configure:6648: result: gcc -E
configure:6668: gcc -E  conftest.c
configure:6668: $? = 0
configure:6682: gcc -E  conftest.c
conftest.c:11:28: error: ac_nonexistent.h: No such file or directory
configure:6682: $? = 1
configure: failed program was:
| /* confdefs.h */
| #define PACKAGE_NAME "pidgin-embeddedvideo"
| #define PACKAGE_TARNAME "pidgin-embeddedvideo"
| #define PACKAGE_VERSION "1.2"
| #define PACKAGE_STRING "pidgin-embeddedvideo 1.2"
| #define PACKAGE_BUGREPORT ""
| #define PACKAGE_URL ""
| #define PACKAGE "pidgin-embeddedvideo"
| #define VERSION "1.2"
| /* end confdefs.h.  */
| #include <ac_nonexistent.h>
configure:6711: checking for ANSI C header files
configure:6731: gcc -c -g -Wall -O2  conftest.c >&5
configure:6731: $? = 0
configure:6804: gcc -o conftest -g -Wall -O2   conftest.c  >&5
configure:6804: $? = 0
configure:6804: ./conftest
configure:6804: $? = 0
configure:6815: result: yes
configure:6828: checking for sys/types.h
configure:6828: gcc -c -g -Wall -O2  conftest.c >&5
configure:6828: $? = 0
configure:6828: result: yes
configure:6828: checking for sys/stat.h
configure:6828: gcc -c -g -Wall -O2  conftest.c >&5
configure:6828: $? = 0
configure:6828: result: yes
configure:6828: checking for stdlib.h
configure:6828: gcc -c -g -Wall -O2  conftest.c >&5
configure:6828: $? = 0
configure:6828: result: yes
configure:6828: checking for string.h
configure:6828: gcc -c -g -Wall -O2  conftest.c >&5
configure:6828: $? = 0
configure:6828: result: yes
configure:6828: checking for memory.h
configure:6828: gcc -c -g -Wall -O2  conftest.c >&5
configure:6828: $? = 0
configure:6828: result: yes
configure:6828: checking for strings.h
configure:6828: gcc -c -g -Wall -O2  conftest.c >&5
configure:6828: $? = 0
configure:6828: result: yes
configure:6828: checking for inttypes.h
configure:6828: gcc -c -g -Wall -O2  conftest.c >&5
configure:6828: $? = 0
configure:6828: result: yes
configure:6828: checking for stdint.h
configure:6828: gcc -c -g -Wall -O2  conftest.c >&5
configure:6828: $? = 0
configure:6828: result: yes
configure:6828: checking for unistd.h
configure:6828: gcc -c -g -Wall -O2  conftest.c >&5
configure:6828: $? = 0
configure:6828: result: yes
configure:6843: checking for dlfcn.h
configure:6843: gcc -c -g -Wall -O2  conftest.c >&5
configure:6843: $? = 0
configure:6843: result: yes
configure:6997: checking for objdir
configure:7012: result: .libs
configure:7304: checking if gcc supports -fno-rtti -fno-exceptions
configure:7322: gcc -c -g -Wall -O2  -fno-rtti -fno-exceptions conftest.c >&5
cc1: warning: command line option "-fno-rtti" is valid for C++/ObjC++ but not for C
configure:7326: $? = 0
configure:7339: result: no
configure:7359: checking for gcc option to produce PIC
configure:7631: result: -fPIC -DPIC
configure:7643: checking if gcc PIC flag -fPIC -DPIC works
configure:7661: gcc -c -g -Wall -O2  -fPIC -DPIC -DPIC conftest.c >&5
configure:7665: $? = 0
configure:7678: result: yes
configure:7702: checking if gcc static flag -static works
configure:7730: result: yes
configure:7745: checking if gcc supports -c -o file.o
configure:7766: gcc -c -g -Wall -O2  -o out/conftest2.o conftest.c >&5
configure:7770: $? = 0
configure:7792: result: yes
configure:7800: checking if gcc supports -c -o file.o
configure:7847: result: yes
configure:7880: checking whether the gcc linker (/usr/bin/ld -m elf_x86_64) supports shared libraries
configure:8866: result: yes
configure:8903: checking whether -lc should be explicitly linked in
configure:8908: gcc -c -g -Wall -O2  conftest.c >&5
configure:8911: $? = 0
configure:8926: gcc -shared conftest.o  -v -Wl,-soname -Wl,conftest -o conftest 2\>\&1 \| /bin/grep  -lc  \>/dev/null 2\>\&1
configure:8929: $? = 0
configure:8941: result: no
configure:9105: checking dynamic linker characteristics
configure:9538: gcc -o conftest -g -Wall -O2   -Wl,-rpath -Wl,/foo conftest.c  >&5
configure:9538: $? = 0
configure:9756: result: GNU/Linux ld.so
configure:9858: checking how to hardcode library paths into programs
configure:9883: result: immediate
configure:10403: checking whether stripping libraries is possible
configure:10408: result: yes
configure:10443: checking if libtool supports shared libraries
configure:10445: result: yes
configure:10448: checking whether to build shared libraries
configure:10469: result: yes
configure:10472: checking whether to build static libraries
configure:10476: result: no
configure:10562: checking for pkg-config
configure:10580: found /usr/bin/pkg-config
configure:10592: result: /usr/bin/pkg-config
configure:10617: checking pkg-config is at least version 0.9.0
configure:10620: result: yes
configure:10633: checking for GLIB
configure:10640: $PKG_CONFIG --exists --print-errors "glib-2.0"
configure:10643: $? = 0
configure:10656: $PKG_CONFIG --exists --print-errors "glib-2.0"
configure:10659: $? = 0
configure:10713: result: yes
configure:10723: checking for PIDGIN
configure:10730: $PKG_CONFIG --exists --print-errors "pidgin purple"
configure:10733: $? = 0
configure:10746: $PKG_CONFIG --exists --print-errors "pidgin purple"
configure:10749: $? = 0
configure:10803: result: yes
configure:10824: checking for WEBKIT
configure:10831: $PKG_CONFIG --exists --print-errors "webkit-1.0 >= 1.1.12"
configure:10834: $? = 0
configure:10847: $PKG_CONFIG --exists --print-errors "webkit-1.0 >= 1.1.12"
configure:10850: $? = 0
configure:10904: result: yes
configure:10914: checking for LIBCURL
configure:10921: $PKG_CONFIG --exists --print-errors "libcurl"
configure:10924: $? = 0
configure:10937: $PKG_CONFIG --exists --print-errors "libcurl"
configure:10940: $? = 0
configure:10994: result: yes
configure:11158: creating ./config.status

## ---------------------- ##
## Running config.status. ##
## ---------------------- ##

This file was extended by pidgin-embeddedvideo config.status 1.2, which was
generated by GNU Autoconf 2.65.  Invocation command line was

  CONFIG_FILES    = 
  CONFIG_HEADERS  = 
  CONFIG_LINKS    = 
  CONFIG_COMMANDS = 
  $ ./config.status 

on argalos

config.status:1007: creating Makefile
config.status:1007: creating src/Makefile
config.status:1007: creating src/websites/Makefile
config.status:1170: executing depfiles commands
config.status:1170: executing libtool commands

## ---------------- ##
## Cache variables. ##
## ---------------- ##

ac_cv_build=x86_64-unknown-linux-gnu
ac_cv_c_compiler_gnu=yes
ac_cv_env_CC_set=
ac_cv_env_CC_value=
ac_cv_env_CFLAGS_set=
ac_cv_env_CFLAGS_value=
ac_cv_env_CPPFLAGS_set=
ac_cv_env_CPPFLAGS_value=
ac_cv_env_CPP_set=
ac_cv_env_CPP_value=
ac_cv_env_GLIB_CFLAGS_set=
ac_cv_env_GLIB_CFLAGS_value=
ac_cv_env_GLIB_LIBS_set=
ac_cv_env_GLIB_LIBS_value=
ac_cv_env_LDFLAGS_set=
ac_cv_env_LDFLAGS_value=
ac_cv_env_LIBCURL_CFLAGS_set=
ac_cv_env_LIBCURL_CFLAGS_value=
ac_cv_env_LIBCURL_LIBS_set=
ac_cv_env_LIBCURL_LIBS_value=
ac_cv_env_LIBS_set=
ac_cv_env_LIBS_value=
ac_cv_env_PIDGIN_CFLAGS_set=
ac_cv_env_PIDGIN_CFLAGS_value=
ac_cv_env_PIDGIN_LIBS_set=
ac_cv_env_PIDGIN_LIBS_value=
ac_cv_env_PKG_CONFIG_set=
ac_cv_env_PKG_CONFIG_value=
ac_cv_env_PLUGINDIR_set=
ac_cv_env_PLUGINDIR_value=
ac_cv_env_WEBKIT_CFLAGS_set=
ac_cv_env_WEBKIT_CFLAGS_value=
ac_cv_env_WEBKIT_LIBS_set=
ac_cv_env_WEBKIT_LIBS_value=
ac_cv_env_build_alias_set=
ac_cv_env_build_alias_value=
ac_cv_env_host_alias_set=
ac_cv_env_host_alias_value=
ac_cv_env_target_alias_set=
ac_cv_env_target_alias_value=
ac_cv_header_dlfcn_h=yes
ac_cv_header_inttypes_h=yes
ac_cv_header_memory_h=yes
ac_cv_header_stdc=yes
ac_cv_header_stdint_h=yes
ac_cv_header_stdlib_h=yes
ac_cv_header_string_h=yes
ac_cv_header_strings_h=yes
ac_cv_header_sys_stat_h=yes
ac_cv_header_sys_types_h=yes
ac_cv_header_unistd_h=yes
ac_cv_host=x86_64-unknown-linux-gnu
ac_cv_objext=o
ac_cv_path_EGREP='/bin/grep -E'
ac_cv_path_FGREP='/bin/grep -F'
ac_cv_path_GREP=/bin/grep
ac_cv_path_SED=/bin/sed
ac_cv_path_ac_pt_PKG_CONFIG=/usr/bin/pkg-config
ac_cv_path_install='/usr/bin/install -c'
ac_cv_path_mkdir=/bin/mkdir
ac_cv_prog_AWK=gawk
ac_cv_prog_CPP='gcc -E'
ac_cv_prog_ac_ct_AR=ar
ac_cv_prog_ac_ct_CC=gcc
ac_cv_prog_ac_ct_OBJDUMP=objdump
ac_cv_prog_ac_ct_RANLIB=ranlib
ac_cv_prog_ac_ct_STRIP=strip
ac_cv_prog_cc_c89=
ac_cv_prog_cc_g=yes
ac_cv_prog_cc_gcc_c_o=yes
ac_cv_prog_make_make_set=yes
ac_cv_target=x86_64-unknown-linux-gnu
am_cv_CC_dependencies_compiler_type=gcc3
lt_cv_deplibs_check_method=pass_all
lt_cv_file_magic_cmd='$MAGIC_CMD'
lt_cv_file_magic_test_file=
lt_cv_ld_reload_flag=-r
lt_cv_nm_interface='BSD nm'
lt_cv_objdir=.libs
lt_cv_path_LD=/usr/bin/ld
lt_cv_path_NM='/usr/bin/nm -B'
lt_cv_prog_compiler_c_o=yes
lt_cv_prog_compiler_pic_works=yes
lt_cv_prog_compiler_rtti_exceptions=no
lt_cv_prog_compiler_static_works=yes
lt_cv_prog_gnu_ld=yes
lt_cv_sys_global_symbol_pipe='sed -n -e '\''s/^.*[	 ]\([ABCDGIRSTW][ABCDGIRSTW]*\)[	 ][	 ]*\([_A-Za-z][_A-Za-z0-9]*\)$/\1 \2 \2/p'\'''
lt_cv_sys_global_symbol_to_c_name_address='sed -n -e '\''s/^: \([^ ]*\) $/  {\"\1\", (void *) 0},/p'\'' -e '\''s/^[ABCDGIRSTW]* \([^ ]*\) \([^ ]*\)$/  {"\2", (void *) \&\2},/p'\'''
lt_cv_sys_global_symbol_to_c_name_address_lib_prefix='sed -n -e '\''s/^: \([^ ]*\) $/  {\"\1\", (void *) 0},/p'\'' -e '\''s/^[ABCDGIRSTW]* \([^ ]*\) \(lib[^ ]*\)$/  {"\2", (void *) \&\2},/p'\'' -e '\''s/^[ABCDGIRSTW]* \([^ ]*\) \([^ ]*\)$/  {"lib\2", (void *) \&\2},/p'\'''
lt_cv_sys_global_symbol_to_cdecl='sed -n -e '\''s/^T .* \(.*\)$/extern int \1();/p'\'' -e '\''s/^[ABCDGIRSTW]* .* \(.*\)$/extern char \1;/p'\'''
lt_cv_sys_max_cmd_len=1572864
pkg_cv_GLIB_CFLAGS='-I/usr/include/glib-2.0 -I/usr/lib/glib-2.0/include  '
pkg_cv_GLIB_LIBS='-lglib-2.0  '
pkg_cv_LIBCURL_CFLAGS=' '
pkg_cv_LIBCURL_LIBS='-lcurl  '
pkg_cv_PIDGIN_CFLAGS='-pthread -D_REENTRANT -I/usr/include/pidgin -I/usr/include/gtk-2.0 -I/usr/include/libpurple -I/usr/lib/gtk-2.0/include -I/usr/include/atk-1.0 -I/usr/include/cairo -I/usr/include/pango-1.0 -I/usr/include/gio-unix-2.0/ -I/usr/include/glib-2.0 -I/usr/lib/glib-2.0/include -I/usr/include/pixman-1 -I/usr/include/freetype2 -I/usr/include/directfb -I/usr/include/libpng12  '
pkg_cv_PIDGIN_LIBS='-pthread -lgtk-x11-2.0 -lgdk-x11-2.0 -latk-1.0 -lgio-2.0 -lpangoft2-1.0 -lgdk_pixbuf-2.0 -lm -lpangocairo-1.0 -lcairo -lpango-1.0 -lfreetype -lfontconfig -lgobject-2.0 -lgmodule-2.0 -lgthread-2.0 -lrt -lpurple -lglib-2.0  '
pkg_cv_WEBKIT_CFLAGS='-pthread -D_REENTRANT -I/usr/include/webkit-1.0 -I/usr/include/glib-2.0 -I/usr/lib/glib-2.0/include -I/usr/include/gtk-2.0 -I/usr/include/libsoup-2.4 -I/usr/lib/gtk-2.0/include -I/usr/include/atk-1.0 -I/usr/include/cairo -I/usr/include/pango-1.0 -I/usr/include/gio-unix-2.0/ -I/usr/include/pixman-1 -I/usr/include/freetype2 -I/usr/include/directfb -I/usr/include/libpng12 -I/usr/include/libxml2  '
pkg_cv_WEBKIT_LIBS='-pthread -lwebkit-1.0 -lgtk-x11-2.0 -lsoup-2.4 -lgdk-x11-2.0 -latk-1.0 -lpangoft2-1.0 -lgdk_pixbuf-2.0 -lm -lpangocairo-1.0 -lcairo -lpango-1.0 -lfreetype -lfontconfig -lgio-2.0 -lgobject-2.0 -lgmodule-2.0 -lgthread-2.0 -lrt -lglib-2.0  '

## ----------------- ##
## Output variables. ##
## ----------------- ##

ACLOCAL='${SHELL} /home/thomas/Desktop/pidgin-embeddedvideo-imageview/missing --run aclocal-1.11'
AMDEPBACKSLASH='\'
AMDEP_FALSE='#'
AMDEP_TRUE=''
AMTAR='${SHELL} /home/thomas/Desktop/pidgin-embeddedvideo-imageview/missing --run tar'
AR='ar'
AUTOCONF='${SHELL} /home/thomas/Desktop/pidgin-embeddedvideo-imageview/missing --run autoconf'
AUTOHEADER='${SHELL} /home/thomas/Desktop/pidgin-embeddedvideo-imageview/missing --run autoheader'
AUTOMAKE='${SHELL} /home/thomas/Desktop/pidgin-embeddedvideo-imageview/missing --run automake-1.11'
AWK='gawk'
CC='gcc'
CCDEPMODE='depmode=gcc3'
CFLAGS='-g -Wall -O2'
CPP='gcc -E'
CPPFLAGS=''
CYGPATH_W='echo'
DEFS='-DPACKAGE_NAME=\"pidgin-embeddedvideo\" -DPACKAGE_TARNAME=\"pidgin-embeddedvideo\" -DPACKAGE_VERSION=\"1.2\" -DPACKAGE_STRING=\"pidgin-embeddedvideo\ 1.2\" -DPACKAGE_BUGREPORT=\"\" -DPACKAGE_URL=\"\" -DPACKAGE=\"pidgin-embeddedvideo\" -DVERSION=\"1.2\" -DSTDC_HEADERS=1 -DHAVE_SYS_TYPES_H=1 -DHAVE_SYS_STAT_H=1 -DHAVE_STDLIB_H=1 -DHAVE_STRING_H=1 -DHAVE_MEMORY_H=1 -DHAVE_STRINGS_H=1 -DHAVE_INTTYPES_H=1 -DHAVE_STDINT_H=1 -DHAVE_UNISTD_H=1 -DHAVE_DLFCN_H=1 -DLT_OBJDIR=\".libs/\"'
DEPDIR='.deps'
DSYMUTIL=''
DUMPBIN=''
ECHO_C=''
ECHO_N='-n'
ECHO_T=''
EGREP='/bin/grep -E'
EXEEXT=''
FGREP='/bin/grep -F'
GLIB_CFLAGS='-I/usr/include/glib-2.0 -I/usr/lib/glib-2.0/include  '
GLIB_LIBS='-lglib-2.0  '
GREP='/bin/grep'
INSTALL_DATA='${INSTALL} -m 644'
INSTALL_PROGRAM='${INSTALL}'
INSTALL_SCRIPT='${INSTALL}'
INSTALL_STRIP_PROGRAM='$(install_sh) -c -s'
LD='/usr/bin/ld -m elf_x86_64'
LDFLAGS=''
LIBCURL_CFLAGS=' '
LIBCURL_LIBS='-lcurl  '
LIBOBJS=''
LIBS=''
LIBTOOL='$(SHELL) $(top_builddir)/libtool --silent'
LIPO=''
LN_S='ln -s'
LTLIBOBJS=''
MAKEINFO='${SHELL} /home/thomas/Desktop/pidgin-embeddedvideo-imageview/missing --run makeinfo'
MKDIR_P='/bin/mkdir -p'
NM='/usr/bin/nm -B'
NMEDIT=''
OBJDUMP='objdump'
OBJEXT='o'
OTOOL64=''
OTOOL=''
PACKAGE='pidgin-embeddedvideo'
PACKAGE_BUGREPORT=''
PACKAGE_NAME='pidgin-embeddedvideo'
PACKAGE_STRING='pidgin-embeddedvideo 1.2'
PACKAGE_TARNAME='pidgin-embeddedvideo'
PACKAGE_URL=''
PACKAGE_VERSION='1.2'
PATH_SEPARATOR=':'
PIDGIN_CFLAGS='-pthread -D_REENTRANT -I/usr/include/pidgin -I/usr/include/gtk-2.0 -I/usr/include/libpurple -I/usr/lib/gtk-2.0/include -I/usr/include/atk-1.0 -I/usr/include/cairo -I/usr/include/pango-1.0 -I/usr/include/gio-unix-2.0/ -I/usr/include/glib-2.0 -I/usr/lib/glib-2.0/include -I/usr/include/pixman-1 -I/usr/include/freetype2 -I/usr/include/directfb -I/usr/include/libpng12  '
PIDGIN_LIBS='-pthread -lgtk-x11-2.0 -lgdk-x11-2.0 -latk-1.0 -lgio-2.0 -lpangoft2-1.0 -lgdk_pixbuf-2.0 -lm -lpangocairo-1.0 -lcairo -lpango-1.0 -lfreetype -lfontconfig -lgobject-2.0 -lgmodule-2.0 -lgthread-2.0 -lrt -lpurple -lglib-2.0  '
PKG_CONFIG='/usr/bin/pkg-config'
PLUGINDIR='/usr/lib/pidgin'
RANLIB='ranlib'
SED='/bin/sed'
SET_MAKE=''
SHELL='/bin/bash'
STRIP='strip'
VERSION='1.2'
WEBKIT_CFLAGS='-pthread -D_REENTRANT -I/usr/include/webkit-1.0 -I/usr/include/glib-2.0 -I/usr/lib/glib-2.0/include -I/usr/include/gtk-2.0 -I/usr/include/libsoup-2.4 -I/usr/lib/gtk-2.0/include -I/usr/include/atk-1.0 -I/usr/include/cairo -I/usr/include/pango-1.0 -I/usr/include/gio-unix-2.0/ -I/usr/include/pixman-1 -I/usr/include/freetype2 -I/usr/include/directfb -I/usr/include/libpng12 -I/usr/include/libxml2  '
WEBKIT_LIBS='-pthread -lwebkit-1.0 -lgtk-x11-2.0 -lsoup-2.4 -lgdk-x11-2.0 -latk-1.0 -lpangoft2-1.0 -lgdk_pixbuf-2.0 -lm -lpangocairo-1.0 -lcairo -lpango-1.0 -lfreetype -lfontconfig -lgio-2.0 -lgobject-2.0 -lgmodule-2.0 -lgthread-2.0 -lrt -lglib-2.0  '
ac_ct_CC='gcc'
ac_ct_DUMPBIN=''
am__EXEEXT_FALSE=''
am__EXEEXT_TRUE='#'
am__fastdepCC_FALSE='#'
am__fastdepCC_TRUE=''
am__include='include'
am__isrc=''
am__leading_dot='.'
am__quote=''
am__tar='${AMTAR} chof - "$$tardir"'
am__untar='${AMTAR} xf -'
bindir='${exec_prefix}/bin'
build='x86_64-unknown-linux-gnu'
build_alias=''
build_cpu='x86_64'
build_os='linux-gnu'
build_vendor='unknown'
datadir='${datarootdir}'
datarootdir='${prefix}/share'
docdir='${datarootdir}/doc/${PACKAGE_TARNAME}'
dvidir='${docdir}'
exec_prefix='${prefix}'
host='x86_64-unknown-linux-gnu'
host_alias=''
host_cpu='x86_64'
host_os='linux-gnu'
host_vendor='unknown'
htmldir='${docdir}'
includedir='${prefix}/include'
infodir='${datarootdir}/info'
install_sh='${SHELL} /home/thomas/Desktop/pidgin-embeddedvideo-imageview/install-sh'
libdir='${exec_prefix}/lib'
libexecdir='${exec_prefix}/libexec'
localedir='${datarootdir}/locale'
localstatedir='${prefix}/var'
lt_ECHO='echo'
mandir='${datarootdir}/man'
mkdir_p='/bin/mkdir -p'
oldincludedir='/usr/include'
pdfdir='${docdir}'
prefix='/usr/local'
program_transform_name='s,x,x,'
psdir='${docdir}'
sbindir='${exec_prefix}/sbin'
sharedstatedir='${prefix}/com'
sysconfdir='${prefix}/etc'
target='x86_64-unknown-linux-gnu'
target_alias=''
target_cpu='x86_64'
target_os='linux-gnu'
target_vendor='unknown'

## ----------- ##
## confdefs.h. ##
## ----------- ##

/* confdefs.h */
#define PACKAGE_NAME "pidgin-embeddedvideo"
#define PACKAGE_TARNAME "pidgin-embeddedvideo"
#define PACKAGE_VERSION "1.2"
#define PACKAGE_STRING "pidgin-embeddedvideo 1.2"
#define PACKAGE_BUGREPORT ""
#define PACKAGE_URL ""
#define PACKAGE "pidgin-embeddedvideo"
#define VERSION "1.2"
#define STDC_HEADERS 1
#define HAVE_SYS_TYPES_H 1
#define HAVE_SYS_STAT_H 1
#define HAVE_STDLIB_H 1
#define HAVE_STRING_H 1
#define HAVE_MEMORY_H 1
#define HAVE_STRINGS_H 1
#define HAVE_INTTYPES_H 1
#define HAVE_STDINT_H 1
#define HAVE_UNISTD_H 1
#define HAVE_DLFCN_H 1
#define LT_OBJDIR ".libs/"

configure: exit 0
